{
  "RSpec": {
    "coverage": {
      "/Users/paweltatarynowicz/RubymineProjects/Monterail_Rubycamp/app/mailers/ticket_buyed_mailer.rb": {
        "lines": [
          1,
          null
        ]
      },
      "/Users/paweltatarynowicz/RubymineProjects/Monterail_Rubycamp/app/mailers/application_mailer.rb": {
        "lines": [
          1,
          1,
          1,
          null
        ]
      },
      "/Users/paweltatarynowicz/RubymineProjects/Monterail_Rubycamp/app/models/cinema_hall.rb": {
        "lines": [
          1,
          1,
          1,
          null,
          null
        ]
      },
      "/Users/paweltatarynowicz/RubymineProjects/Monterail_Rubycamp/app/models/application_record.rb": {
        "lines": [
          1,
          1,
          null
        ]
      },
      "/Users/paweltatarynowicz/RubymineProjects/Monterail_Rubycamp/app/models/movie.rb": {
        "lines": [
          1,
          null,
          1,
          null,
          1,
          null
        ]
      },
      "/Users/paweltatarynowicz/RubymineProjects/Monterail_Rubycamp/app/models/reservation.rb": {
        "lines": [
          1,
          1,
          1,
          1,
          1,
          null,
          1,
          null
        ]
      },
      "/Users/paweltatarynowicz/RubymineProjects/Monterail_Rubycamp/app/models/seance.rb": {
        "lines": [
          1,
          1,
          1,
          1,
          null,
          1,
          null
        ]
      },
      "/Users/paweltatarynowicz/RubymineProjects/Monterail_Rubycamp/app/models/ticket_desk.rb": {
        "lines": [
          1,
          1,
          null,
          1,
          null
        ]
      },
      "/Users/paweltatarynowicz/RubymineProjects/Monterail_Rubycamp/app/models/ticket.rb": {
        "lines": [
          1,
          null,
          1,
          null,
          1,
          null
        ]
      },
      "/Users/paweltatarynowicz/RubymineProjects/Monterail_Rubycamp/app/models/user.rb": {
        "lines": [
          1,
          1,
          null,
          1,
          null
        ]
      },
      "/Users/paweltatarynowicz/RubymineProjects/Monterail_Rubycamp/app/controllers/api/v1/cinema_halls_controller.rb": {
        "lines": [
          1,
          null,
          null,
          1,
          1,
          1,
          null,
          null,
          1,
          1,
          1,
          null,
          null,
          null,
          1,
          1,
          null,
          1,
          1,
          null,
          0,
          null,
          null,
          null,
          null,
          1,
          1,
          null,
          1,
          1,
          null,
          0,
          null,
          null,
          null,
          null,
          1,
          1,
          null,
          null,
          1,
          null,
          null,
          1,
          2,
          null,
          null
        ]
      },
      "/Users/paweltatarynowicz/RubymineProjects/Monterail_Rubycamp/app/controllers/application_controller.rb": {
        "lines": [
          1,
          null
        ]
      },
      "/Users/paweltatarynowicz/RubymineProjects/Monterail_Rubycamp/app/concepts/cinema_halls/repository.rb": {
        "lines": [
          1,
          1,
          1,
          null,
          1,
          null,
          5,
          null,
          null,
          1,
          1,
          null,
          null,
          1,
          1,
          null,
          null,
          1,
          1,
          null,
          null,
          1,
          1,
          null,
          null,
          1,
          1,
          null,
          null,
          null
        ]
      },
      "/Users/paweltatarynowicz/RubymineProjects/Monterail_Rubycamp/app/concepts/cinema_halls/representers/all_cinema_halls.rb": {
        "lines": [
          1,
          1,
          1,
          1,
          null,
          1,
          1,
          null,
          null,
          1,
          1,
          null,
          117,
          null,
          null,
          null,
          null,
          null,
          null,
          null,
          null
        ]
      },
      "/Users/paweltatarynowicz/RubymineProjects/Monterail_Rubycamp/app/concepts/cinema_halls/representers/one_cinema_hall.rb": {
        "lines": [
          1,
          1,
          1,
          1,
          null,
          1,
          1,
          null,
          null,
          1,
          null,
          1,
          null,
          null,
          null,
          null,
          null,
          null,
          null
        ]
      },
      "/Users/paweltatarynowicz/RubymineProjects/Monterail_Rubycamp/app/concepts/cinema_halls/use_cases/create.rb": {
        "lines": [
          1,
          1,
          1,
          1,
          null,
          1,
          1,
          null,
          null,
          1,
          1,
          null,
          null,
          null,
          null,
          null
        ]
      },
      "/Users/paweltatarynowicz/RubymineProjects/Monterail_Rubycamp/app/concepts/cinema_halls/use_cases/update.rb": {
        "lines": [
          1,
          1,
          1,
          1,
          null,
          1,
          null,
          1,
          null,
          null,
          1,
          1,
          null,
          null,
          null,
          null
        ]
      },
      "/Users/paweltatarynowicz/RubymineProjects/Monterail_Rubycamp/app/concepts/cinema_halls/use_cases/delete.rb": {
        "lines": [
          1,
          1,
          1,
          1,
          null,
          1,
          1,
          null,
          null,
          1,
          1,
          null,
          null,
          null,
          null
        ]
      },
      "/Users/paweltatarynowicz/RubymineProjects/Monterail_Rubycamp/app/controllers/api/v1/movies_controller.rb": {
        "lines": [
          1,
          null,
          null,
          1,
          1,
          null,
          1,
          null,
          null,
          1,
          1,
          null,
          1,
          null,
          null,
          null,
          1,
          1,
          null,
          1,
          1,
          null,
          0,
          null,
          null,
          null,
          null,
          null,
          1,
          1,
          null,
          1,
          1,
          null,
          0,
          null,
          null,
          null,
          null,
          1,
          1,
          null,
          null,
          1,
          null,
          1,
          2,
          null,
          null
        ]
      },
      "/Users/paweltatarynowicz/RubymineProjects/Monterail_Rubycamp/app/concepts/movies/repository.rb": {
        "lines": [
          1,
          1,
          1,
          null,
          1,
          null,
          5,
          null,
          null,
          1,
          1,
          null,
          null,
          1,
          1,
          null,
          null,
          1,
          1,
          null,
          null,
          1,
          1,
          null,
          null,
          1,
          1,
          null,
          null,
          null,
          null
        ]
      },
      "/Users/paweltatarynowicz/RubymineProjects/Monterail_Rubycamp/app/concepts/movies/representers/all_movies.rb": {
        "lines": [
          1,
          1,
          1,
          1,
          null,
          1,
          1,
          null,
          null,
          1,
          1,
          null,
          117,
          null,
          null,
          null,
          null,
          null,
          null,
          null,
          null
        ]
      },
      "/Users/paweltatarynowicz/RubymineProjects/Monterail_Rubycamp/app/concepts/movies/representers/one_movie.rb": {
        "lines": [
          1,
          1,
          1,
          1,
          null,
          1,
          1,
          null,
          null,
          1,
          null,
          null,
          1,
          null,
          null,
          null,
          null,
          null,
          null,
          null
        ]
      },
      "/Users/paweltatarynowicz/RubymineProjects/Monterail_Rubycamp/app/concepts/movies/use_cases/create.rb": {
        "lines": [
          1,
          1,
          1,
          1,
          null,
          1,
          1,
          null,
          null,
          1,
          1,
          null,
          null,
          null,
          null
        ]
      },
      "/Users/paweltatarynowicz/RubymineProjects/Monterail_Rubycamp/app/concepts/movies/use_cases/update.rb": {
        "lines": [
          1,
          1,
          1,
          1,
          null,
          1,
          1,
          null,
          null,
          1,
          1,
          null,
          null,
          null,
          null,
          null
        ]
      },
      "/Users/paweltatarynowicz/RubymineProjects/Monterail_Rubycamp/app/concepts/movies/use_cases/destroy.rb": {
        "lines": [
          1,
          1,
          1,
          1,
          null,
          1,
          1,
          null,
          null,
          1,
          1,
          null,
          null,
          null,
          null
        ]
      },
      "/Users/paweltatarynowicz/RubymineProjects/Monterail_Rubycamp/app/controllers/api/v1/reservations_controller.rb": {
        "lines": [
          1,
          null,
          1,
          1,
          1,
          null,
          null,
          1,
          1,
          1,
          null,
          null,
          1,
          1,
          null,
          1,
          1,
          null,
          0,
          null,
          null,
          null,
          null,
          1,
          1,
          null,
          1,
          1,
          null,
          0,
          null,
          null,
          null,
          1,
          1,
          null,
          null,
          1,
          null,
          1,
          1,
          null,
          null,
          1,
          1,
          null,
          null
        ]
      },
      "/Users/paweltatarynowicz/RubymineProjects/Monterail_Rubycamp/app/concepts/reservations/repository.rb": {
        "lines": [
          1,
          1,
          1,
          null,
          1,
          5,
          null,
          null,
          1,
          1,
          null,
          null,
          1,
          1,
          null,
          null,
          1,
          1,
          null,
          null,
          1,
          1,
          null,
          null,
          1,
          1,
          null,
          null,
          null
        ]
      },
      "/Users/paweltatarynowicz/RubymineProjects/Monterail_Rubycamp/app/concepts/reservations/representers/all_reservations.rb": {
        "lines": [
          1,
          1,
          1,
          1,
          null,
          1,
          1,
          null,
          null,
          1,
          1,
          null,
          1,
          null,
          null,
          null,
          null,
          null,
          null,
          null,
          null,
          null
        ]
      },
      "/Users/paweltatarynowicz/RubymineProjects/Monterail_Rubycamp/app/concepts/reservations/representers/one_reservation.rb": {
        "lines": [
          1,
          1,
          1,
          1,
          null,
          1,
          1,
          null,
          null,
          1,
          null,
          1,
          null,
          null,
          null,
          null,
          null,
          null,
          null
        ]
      },
      "/Users/paweltatarynowicz/RubymineProjects/Monterail_Rubycamp/app/concepts/reservations/use_cases/create.rb": {
        "lines": [
          1,
          1,
          1,
          1,
          null,
          1,
          1,
          null,
          null,
          1,
          1,
          null,
          null,
          null,
          null,
          null,
          null
        ]
      },
      "/Users/paweltatarynowicz/RubymineProjects/Monterail_Rubycamp/app/concepts/reservations/use_cases/update.rb": {
        "lines": [
          1,
          1,
          1,
          1,
          null,
          1,
          1,
          null,
          null,
          1,
          1,
          null,
          null,
          null,
          null,
          null,
          null
        ]
      },
      "/Users/paweltatarynowicz/RubymineProjects/Monterail_Rubycamp/app/concepts/reservations/use_cases/destroy.rb": {
        "lines": [
          1,
          1,
          1,
          1,
          null,
          1,
          1,
          null,
          null,
          1,
          1,
          null,
          null,
          null,
          null,
          null
        ]
      },
      "/Users/paweltatarynowicz/RubymineProjects/Monterail_Rubycamp/app/controllers/api/v1/seances_controller.rb": {
        "lines": [
          1,
          null,
          1,
          1,
          1,
          null,
          null,
          1,
          1,
          1,
          null,
          null,
          1,
          1,
          null,
          1,
          1,
          null,
          0,
          null,
          null,
          null,
          1,
          1,
          null,
          1,
          1,
          null,
          0,
          null,
          null,
          null,
          1,
          1,
          null,
          null,
          null,
          1,
          null,
          1,
          1,
          null,
          null,
          1,
          1,
          null,
          null
        ]
      },
      "/Users/paweltatarynowicz/RubymineProjects/Monterail_Rubycamp/app/concepts/seances/repository.rb": {
        "lines": [
          1,
          1,
          1,
          null,
          1,
          5,
          null,
          null,
          1,
          1,
          null,
          null,
          1,
          1,
          null,
          null,
          1,
          1,
          null,
          null,
          1,
          1,
          null,
          null,
          1,
          1,
          null,
          null,
          null
        ]
      },
      "/Users/paweltatarynowicz/RubymineProjects/Monterail_Rubycamp/app/concepts/seances/representers/all_seances.rb": {
        "lines": [
          1,
          1,
          1,
          1,
          null,
          1,
          1,
          null,
          null,
          1,
          1,
          null,
          117,
          null,
          null,
          null,
          null,
          null,
          null,
          null,
          null
        ]
      },
      "/Users/paweltatarynowicz/RubymineProjects/Monterail_Rubycamp/app/concepts/seances/representers/one_seance.rb": {
        "lines": [
          1,
          1,
          1,
          1,
          null,
          1,
          1,
          null,
          null,
          1,
          null,
          1,
          null,
          null,
          null,
          null,
          null,
          null
        ]
      },
      "/Users/paweltatarynowicz/RubymineProjects/Monterail_Rubycamp/app/concepts/seances/use_cases/create.rb": {
        "lines": [
          1,
          1,
          1,
          1,
          null,
          1,
          1,
          null,
          null,
          1,
          1,
          null,
          null,
          null,
          null,
          null
        ]
      },
      "/Users/paweltatarynowicz/RubymineProjects/Monterail_Rubycamp/app/concepts/seances/use_cases/update.rb": {
        "lines": [
          1,
          1,
          1,
          1,
          null,
          1,
          1,
          null,
          null,
          1,
          1,
          null,
          null,
          null,
          null,
          null
        ]
      },
      "/Users/paweltatarynowicz/RubymineProjects/Monterail_Rubycamp/app/concepts/seances/use_cases/destroy.rb": {
        "lines": [
          1,
          1,
          1,
          1,
          null,
          1,
          1,
          null,
          null,
          1,
          1,
          null,
          null,
          null,
          null,
          null
        ]
      },
      "/Users/paweltatarynowicz/RubymineProjects/Monterail_Rubycamp/app/controllers/api/v1/ticket_desks_controller.rb": {
        "lines": [
          1,
          null,
          1,
          1,
          null,
          1,
          null,
          null,
          1,
          1,
          null,
          1,
          null,
          null,
          1,
          1,
          null,
          1,
          1,
          null,
          0,
          null,
          null,
          null,
          null,
          1,
          1,
          null,
          1,
          1,
          null,
          0,
          null,
          null,
          null,
          1,
          2,
          null,
          null,
          1,
          null,
          1,
          2,
          null,
          null
        ]
      },
      "/Users/paweltatarynowicz/RubymineProjects/Monterail_Rubycamp/app/concepts/ticket_desks/repository.rb": {
        "lines": [
          1,
          1,
          1,
          null,
          1,
          6,
          null,
          null,
          1,
          1,
          null,
          null,
          1,
          1,
          null,
          null,
          1,
          1,
          null,
          null,
          1,
          1,
          null,
          null,
          1,
          2,
          null,
          null,
          null
        ]
      },
      "/Users/paweltatarynowicz/RubymineProjects/Monterail_Rubycamp/app/concepts/ticket_desks/representers/all_ticket_desks.rb": {
        "lines": [
          1,
          1,
          1,
          1,
          null,
          1,
          1,
          null,
          null,
          1,
          1,
          null,
          117,
          null,
          null,
          null,
          null,
          null,
          null,
          null,
          null
        ]
      },
      "/Users/paweltatarynowicz/RubymineProjects/Monterail_Rubycamp/app/concepts/ticket_desks/representers/one_ticket_desk.rb": {
        "lines": [
          1,
          1,
          1,
          1,
          null,
          1,
          1,
          null,
          null,
          1,
          null,
          1,
          null,
          null,
          null,
          null,
          null,
          null,
          null,
          null
        ]
      },
      "/Users/paweltatarynowicz/RubymineProjects/Monterail_Rubycamp/app/concepts/ticket_desks/use_cases/create.rb": {
        "lines": [
          1,
          1,
          1,
          1,
          null,
          1,
          1,
          null,
          null,
          1,
          1,
          null,
          null,
          null,
          null
        ]
      },
      "/Users/paweltatarynowicz/RubymineProjects/Monterail_Rubycamp/app/concepts/ticket_desks/use_cases/update.rb": {
        "lines": [
          1,
          1,
          1,
          1,
          null,
          1,
          1,
          null,
          null,
          1,
          1,
          null,
          null,
          null,
          null
        ]
      },
      "/Users/paweltatarynowicz/RubymineProjects/Monterail_Rubycamp/app/concepts/ticket_desks/use_cases/destroy.rb": {
        "lines": [
          1,
          1,
          1,
          1,
          null,
          1,
          2,
          null,
          null,
          1,
          2,
          null,
          null,
          null,
          null
        ]
      },
      "/Users/paweltatarynowicz/RubymineProjects/Monterail_Rubycamp/app/controllers/api/v1/tickets_controller.rb": {
        "lines": [
          1,
          1,
          2,
          2,
          null,
          null,
          1,
          0,
          0,
          null,
          null,
          1,
          1,
          null,
          1,
          1,
          null,
          0,
          null,
          null,
          null,
          1,
          1,
          null,
          1,
          1,
          null,
          0,
          null,
          null,
          null,
          1,
          0,
          null,
          null,
          1,
          null,
          1,
          1,
          null,
          null,
          1,
          1,
          null,
          null,
          1,
          0,
          null,
          null,
          null,
          null,
          null
        ]
      },
      "/Users/paweltatarynowicz/RubymineProjects/Monterail_Rubycamp/app/concepts/tickets/repository.rb": {
        "lines": [
          1,
          1,
          1,
          null,
          1,
          null,
          4,
          null,
          null,
          1,
          2,
          null,
          null,
          1,
          0,
          null,
          null,
          1,
          1,
          null,
          null,
          1,
          1,
          null,
          null,
          1,
          0,
          null,
          null,
          null,
          null
        ]
      },
      "/Users/paweltatarynowicz/RubymineProjects/Monterail_Rubycamp/app/concepts/tickets/representers/all_tickets.rb": {
        "lines": [
          1,
          1,
          1,
          1,
          null,
          1,
          2,
          null,
          null,
          1,
          2,
          null,
          2,
          null,
          null,
          null,
          null,
          null,
          null,
          null,
          null,
          null
        ]
      },
      "/Users/paweltatarynowicz/RubymineProjects/Monterail_Rubycamp/app/concepts/tickets/use_cases/create.rb": {
        "lines": [
          1,
          1,
          1,
          1,
          null,
          1,
          1,
          null,
          null,
          1,
          1,
          null,
          null,
          null,
          null
        ]
      },
      "/Users/paweltatarynowicz/RubymineProjects/Monterail_Rubycamp/app/concepts/tickets/use_cases/update.rb": {
        "lines": [
          1,
          1,
          1,
          1,
          null,
          1,
          1,
          null,
          null,
          1,
          1,
          null,
          null,
          null,
          null
        ]
      },
      "/Users/paweltatarynowicz/RubymineProjects/Monterail_Rubycamp/app/channels/application_cable/channel.rb": {
        "lines": [
          0,
          0,
          0,
          0
        ],
        "branches": {
        }
      },
      "/Users/paweltatarynowicz/RubymineProjects/Monterail_Rubycamp/app/channels/application_cable/connection.rb": {
        "lines": [
          0,
          0,
          0,
          0
        ],
        "branches": {
        }
      },
      "/Users/paweltatarynowicz/RubymineProjects/Monterail_Rubycamp/app/concepts/cinema_halls/use_cases/index.rb": {
        "lines": [
          null,
          0,
          0,
          0,
          0,
          null,
          0,
          0,
          0,
          null,
          0,
          0,
          0,
          0,
          0,
          0
        ],
        "branches": {
        }
      },
      "/Users/paweltatarynowicz/RubymineProjects/Monterail_Rubycamp/app/concepts/cinema_halls/use_cases/show.rb": {
        "lines": [
          0,
          0,
          0,
          null,
          0,
          null,
          0,
          0,
          0,
          null,
          0,
          0,
          0,
          0,
          0,
          0
        ],
        "branches": {
        }
      },
      "/Users/paweltatarynowicz/RubymineProjects/Monterail_Rubycamp/app/concepts/movies/use_cases/index.rb": {
        "lines": [
          0,
          0,
          0,
          0,
          null,
          0,
          0,
          0,
          null,
          0,
          0,
          0,
          0,
          0,
          0
        ],
        "branches": {
        }
      },
      "/Users/paweltatarynowicz/RubymineProjects/Monterail_Rubycamp/app/concepts/movies/use_cases/show.rb": {
        "lines": [
          0,
          0,
          0,
          0,
          null,
          0,
          0,
          0,
          null,
          0,
          0,
          0,
          0,
          0,
          0
        ],
        "branches": {
        }
      },
      "/Users/paweltatarynowicz/RubymineProjects/Monterail_Rubycamp/app/concepts/reservations/use_cases/index.rb": {
        "lines": [
          0,
          0,
          0,
          0,
          null,
          0,
          0,
          0,
          null,
          0,
          0,
          0,
          0,
          0,
          0,
          null,
          null
        ],
        "branches": {
        }
      },
      "/Users/paweltatarynowicz/RubymineProjects/Monterail_Rubycamp/app/concepts/reservations/use_cases/show.rb": {
        "lines": [
          0,
          0,
          0,
          0,
          null,
          0,
          0,
          0,
          null,
          0,
          0,
          0,
          0,
          0,
          0,
          null
        ],
        "branches": {
        }
      },
      "/Users/paweltatarynowicz/RubymineProjects/Monterail_Rubycamp/app/concepts/seances/use_cases/index.rb": {
        "lines": [
          0,
          0,
          0,
          0,
          null,
          0,
          0,
          0,
          null,
          0,
          0,
          0,
          0,
          0,
          0,
          null
        ],
        "branches": {
        }
      },
      "/Users/paweltatarynowicz/RubymineProjects/Monterail_Rubycamp/app/concepts/seances/use_cases/show.rb": {
        "lines": [
          0,
          0,
          0,
          0,
          null,
          0,
          0,
          0,
          null,
          0,
          0,
          0,
          0,
          0,
          0
        ],
        "branches": {
        }
      },
      "/Users/paweltatarynowicz/RubymineProjects/Monterail_Rubycamp/app/concepts/ticket_desks/use_cases/index.rb": {
        "lines": [
          0,
          0,
          0,
          0,
          null,
          0,
          0,
          0,
          null,
          0,
          0,
          0,
          0,
          0,
          0
        ],
        "branches": {
        }
      },
      "/Users/paweltatarynowicz/RubymineProjects/Monterail_Rubycamp/app/concepts/ticket_desks/use_cases/show.rb": {
        "lines": [
          0,
          0,
          0,
          0,
          null,
          0,
          0,
          0,
          null,
          0,
          0,
          0,
          0,
          0,
          0
        ],
        "branches": {
        }
      },
      "/Users/paweltatarynowicz/RubymineProjects/Monterail_Rubycamp/app/concepts/tickets/representers/one_ticket.rb": {
        "lines": [
          0,
          0,
          0,
          0,
          null,
          0,
          0,
          0,
          null,
          0,
          0,
          0,
          0,
          0,
          0,
          0,
          0,
          0,
          0,
          0,
          0,
          0
        ],
        "branches": {
        }
      },
      "/Users/paweltatarynowicz/RubymineProjects/Monterail_Rubycamp/app/concepts/tickets/use_cases/destroy.rb": {
        "lines": [
          0,
          0,
          0,
          0,
          null,
          0,
          0,
          0,
          null,
          0,
          0,
          0,
          0,
          0,
          0
        ],
        "branches": {
        }
      },
      "/Users/paweltatarynowicz/RubymineProjects/Monterail_Rubycamp/app/concepts/tickets/use_cases/index.rb": {
        "lines": [
          0,
          0,
          0,
          0,
          null,
          0,
          0,
          0,
          null,
          0,
          0,
          0,
          0,
          0,
          0
        ],
        "branches": {
        }
      },
      "/Users/paweltatarynowicz/RubymineProjects/Monterail_Rubycamp/app/concepts/tickets/use_cases/show.rb": {
        "lines": [
          0,
          0,
          0,
          0,
          null,
          0,
          0,
          0,
          null,
          0,
          0,
          0,
          0,
          0,
          0
        ],
        "branches": {
        }
      },
      "/Users/paweltatarynowicz/RubymineProjects/Monterail_Rubycamp/app/concepts/users/repository.rb": {
        "lines": [
          0,
          0,
          0,
          null,
          0,
          0,
          0,
          null,
          0,
          0,
          0,
          null,
          0,
          0,
          0,
          null,
          0,
          0,
          0,
          null,
          0,
          0,
          0,
          null,
          0,
          0,
          0,
          0,
          0
        ],
        "branches": {
        }
      },
      "/Users/paweltatarynowicz/RubymineProjects/Monterail_Rubycamp/app/concepts/users/representers/all_users.rb": {
        "lines": [
          0,
          0,
          0,
          0,
          null,
          0,
          0,
          0,
          null,
          0,
          0,
          0,
          0,
          0,
          0,
          0,
          0,
          0,
          0,
          0,
          0,
          0,
          0,
          null
        ],
        "branches": {
        }
      },
      "/Users/paweltatarynowicz/RubymineProjects/Monterail_Rubycamp/app/concepts/users/representers/one_user.rb": {
        "lines": [
          0,
          0,
          0,
          0,
          null,
          0,
          0,
          0,
          null,
          0,
          0,
          0,
          0,
          0,
          0,
          0,
          0,
          0,
          0,
          0,
          0,
          null,
          null
        ],
        "branches": {
        }
      },
      "/Users/paweltatarynowicz/RubymineProjects/Monterail_Rubycamp/app/concepts/users/use_cases/create.rb": {
        "lines": [
          0,
          0,
          0,
          0,
          null,
          0,
          0,
          0,
          null,
          0,
          0,
          0,
          0,
          0,
          0,
          null
        ],
        "branches": {
        }
      },
      "/Users/paweltatarynowicz/RubymineProjects/Monterail_Rubycamp/app/concepts/users/use_cases/destroy.rb": {
        "lines": [
          0,
          0,
          0,
          0,
          null,
          0,
          0,
          0,
          null,
          0,
          0,
          0,
          0,
          0,
          0,
          null
        ],
        "branches": {
        }
      },
      "/Users/paweltatarynowicz/RubymineProjects/Monterail_Rubycamp/app/concepts/users/use_cases/index.rb": {
        "lines": [
          0,
          0,
          0,
          0,
          null,
          0,
          0,
          0,
          null,
          0,
          0,
          0,
          0,
          0,
          0,
          null
        ],
        "branches": {
        }
      },
      "/Users/paweltatarynowicz/RubymineProjects/Monterail_Rubycamp/app/concepts/users/use_cases/show.rb": {
        "lines": [
          0,
          0,
          0,
          0,
          null,
          0,
          0,
          0,
          null,
          0,
          0,
          0,
          0,
          0,
          0
        ],
        "branches": {
        }
      },
      "/Users/paweltatarynowicz/RubymineProjects/Monterail_Rubycamp/app/concepts/users/use_cases/update.rb": {
        "lines": [
          0,
          0,
          0,
          0,
          null,
          0,
          0,
          0,
          null,
          0,
          0,
          0,
          0,
          0,
          0,
          null
        ],
        "branches": {
        }
      },
      "/Users/paweltatarynowicz/RubymineProjects/Monterail_Rubycamp/app/controllers/api/v1/users_controller.rb": {
        "lines": [
          0,
          null,
          null,
          0,
          0,
          0,
          0,
          null,
          0,
          0,
          0,
          0,
          null,
          null,
          0,
          0,
          null,
          0,
          0,
          0,
          0,
          0,
          0,
          null,
          null,
          0,
          0,
          null,
          0,
          0,
          0,
          0,
          0,
          0,
          null,
          null,
          0,
          0,
          0,
          null,
          0,
          null,
          null,
          0,
          0,
          0,
          0,
          null
        ],
        "branches": {
        }
      },
      "/Users/paweltatarynowicz/RubymineProjects/Monterail_Rubycamp/app/jobs/application_job.rb": {
        "lines": [
          0,
          null,
          null,
          null,
          null,
          null,
          0
        ],
        "branches": {
        }
      }
    },
    "timestamp": 1623139058
  }
}
